uriel> CONNECT
TF> Hello!
TF> I will be asking you a series of questions about the EFQUEL homepage. Please answer as honestly as possible.
			Well here we go!
TF> Would you agree 
				with this statement, the My EFQUEL Section is relevant?
guest999@jabber.eun.org/eun_Jabber> CONNECT
TF> Hello!
TF> I will be asking you a series of questions about the EFQUEL homepage. Please answer as honestly as possible.
			Well here we go!
TF> Would you agree 
				that the Homepage of EFQUEL is having a good user interface?
guest999@jabber.eun.org/eun_Jabber> CONNECT
TF> Hello!
TF> I will be asking you a series of questions about the EFQUEL homepage. Please answer as honestly as possible.
			Well here we go!
TF> Would you agree 
				with this statement, the Homepage of EFQUEL is well designed?
guest999@jabber.eun.org/eun_Jabber> CONNECT
TF> Hello!
TF> I will be asking you a series of questions about the EFQUEL homepage. Please answer as honestly as possible.
			Well here we go!
TF> Would you agree 
				when some say that the EFQUEL Community is interactive?
guest999@jabber.eun.org/eun_Jabber> CONNECT
TF> Hello!
TF> I will be asking you a series of questions about the EFQUEL homepage. Please answer as honestly as possible.
			Well here we go!
TF> Would you agree 
				that the eLearning Quality Tab is interesting?
guest999@jabber.eun.org/eun_Jabber> CONNECT
TF> Hello!
TF> I will be asking you a series of questions about the EFQUEL homepage. Please answer as honestly as possible.
			Well here we go!
TF> Would you agree 
				with this statement, the About Section is a good source?
guest999@jabber.eun.org/eun_Jabber> CONNECT
TF> Hello!
TF> I will be asking you a series of questions about the EFQUEL homepage. Please answer as honestly as possible.
			Well here we go!
TF> Would you agree 
				with this statement, the EFQUEL Community is interactive?
guest999@jabber.eun.org/eun_Jabber> test
TF> My mind was in another place,
							could you say that in another way, please?
TF> Would you agree 
				with this statement, the EFQUEL Community is interactive?
guest999@jabber.eun.org/eun_Jabber> CONNECT
TF> Hello!
TF> I will be asking you a series of questions about the EFQUEL homepage. Please answer as honestly as possible.
			Well here we go!
TF> It has been observed
				that the About Section is a good source.
TF> Do you support that sentence?
guest999@jabber.eun.org/eun_Jabber> CONNECT
TF> Hello!
TF> I will be asking you a series of questions about the EFQUEL homepage. Please answer as honestly as possible.
			Well here we go!
TF> Would you agree 
				when some say that the EFQUEL WIKI Page is not easy to read?
guest999@jabber.eun.org/eun_Jabber> test
TF> I didn't get that,
							please repeat what you just said using other words?
TF> Would you agree 
				when some say that the EFQUEL WIKI Page is not easy to read?
guest999@jabber.eun.org/eun_Jabber> CONNECT
TF> Hello!
TF> I will be asking you a series of questions about the EFQUEL homepage. Please answer as honestly as possible.
			Well here we go!
TF> Would you agree 
				when some say that the eLearning Quality Tab is interesting?
guest999@jabber.eun.org/eun_Jabber> CONNECT
TF> Hello!
TF> I will be asking you a series of questions about the EFQUEL homepage. Please answer as honestly as possible.
			Well here we go!
TF> Would you agree 
				with this statement, the EFQUEL WIKI Page is too complex?
guest999@jabber.eun.org/eun_Jabber> test
TF> My mind was in another place,
							please say it in another way?
TF> Would you agree 
				with this statement, the EFQUEL WIKI Page is too complex?
guest999@jabber.eun.org/eun_Jabber> CONNECT
TF> Hello!
TF> I will be asking you a series of questions about the EFQUEL homepage. Please answer as honestly as possible.
			Well here we go!
TF> I have heard
				that the About Section is a good source.
TF> Do you share that point of view?
guest999@jabber.eun.org/eun_Jabber> CONNECT
TF> Hello!
TF> I will be asking you a series of questions about the EFQUEL homepage. Please answer as honestly as possible.
			Well here we go!
TF> Would you agree 
				when some say that the My EFQUEL Section is relevant?
guest999@jabber.eun.org/eun_Jabber> CONNECT
TF> Hello!
TF> I will be asking you a series of questions about the EFQUEL homepage. Please answer as honestly as possible.
			Well here we go!
TF> I have heard
				that the News and Events Section is relevant.
TF> Do you agree with that view?
guest999@jabber.eun.org/eun_Jabber> CONNECT
TF> Hello!
TF> I will be asking you a series of questions about the EFQUEL homepage. Please answer as honestly as possible.
			Well here we go!
TF> I have heard
				that the My EFQUEL Section is relevant.
TF> Do you share that point of view?
guest999@jabber.eun.org/eun_Jabber> CONNECT
TF> Hello!
TF> I will be asking you a series of questions about the EFQUEL homepage. Please answer as honestly as possible.
			Well here we go!
TF> People have said to me
				that the EFQUEL WIKI Page is topical.
TF> Do you agree with that statement?
guest999@jabber.eun.org/eun_Jabber> CONNECT
TF> Hello!
TF> I will be asking you a series of questions about the EFQUEL homepage. Please answer as honestly as possible.
			Well here we go!
TF> Would you agree 
				when some say that the News and Events Section is relevant?
guest999@jabber.eun.org/eun_Jabber> CONNECT
TF> Hello!
TF> I will be asking you a series of questions about the EFQUEL homepage. Please answer as honestly as possible.
			Well here we go!
TF> Would you agree 
				when some say that the News and Events Section is relevant?
guest999@jabber.eun.org/eun_Jabber> CONNECT
TF> Hello!
TF> I will be asking you a series of questions about the EFQUEL homepage. Please answer as honestly as possible.
			Well here we go!
TF> Would you agree 
				when some say that the Homepage of EFQUEL is a good source?
guest999@jabber.eun.org/eun_Jabber> CONNECT
TF> Hello!
TF> I will be asking you a series of questions about the EFQUEL homepage. Please answer as honestly as possible.
			Well here we go!
TF> When asked, some people claim
				that the EFQUEL WIKI Page is topical.
TF> Do you agree with that view?
guest999@jabber.eun.org/eun_Jabber> CONNECT
TF> Hello!
TF> I will be asking you a series of questions about the EFQUEL homepage. Please answer as honestly as possible.
			Well here we go!
TF> Would you agree 
				when some say that the eLearning Quality Tab is interesting?
guest999@jabber.eun.org/eun_Jabber> CONNECT
TF> Hello!
TF> I will be asking you a series of questions about the EFQUEL homepage. Please answer as honestly as possible.
			Well here we go!
TF> People have said to me
				that the Homepage of EFQUEL is a good source.
TF> Do you agree with that statement?
guest999@jabber.eun.org/eun_Jabber> CONNECT
TF> Hello!
TF> I will be asking you a series of questions about the EFQUEL homepage. Please answer as honestly as possible.
			Well here we go!
TF> Some people believe
				that the Homepage of EFQUEL is a good source.
TF> Do you agree with that sentence?
guest999@jabber.eun.org/eun_Jabber> CONNECT
TF> Hello!
TF> I will be asking you a series of questions about the EFQUEL homepage. Please answer as honestly as possible.
			Well here we go!
TF> Would you agree 
				with this statement, the Homepage of EFQUEL is having a good user interface?
guest999@jabber.eun.org/eun_Jabber> CONNECT
TF> Hello!
TF> I will be asking you a series of questions about the EFQUEL homepage. Please answer as honestly as possible.
			Well here we go!
TF> Would you agree 
				when some say that the About Section is a good source?
guest999@jabber.eun.org/eun_Jabber> CONNECT
TF> Hello!
TF> I will be asking you a series of questions about the EFQUEL homepage. Please answer as honestly as possible.
			Well here we go!
TF> Would you agree 
				that the EFQUEL WIKI Page is topical?
guest999@jabber.eun.org/eun_Jabber> CONNECT
TF> Hello!
TF> I will be asking you a series of questions about the EFQUEL homepage. Please answer as honestly as possible.
			Well here we go!
TF> Some say
				that the Homepage of EFQUEL is having a good user interface.
TF> Do you support that opinion?
guest999@jabber.eun.org/eun_Jabber> CONNECT
TF> Hello!
TF> I will be asking you a series of questions about the EFQUEL homepage. Please answer as honestly as possible.
			Well here we go!
TF> People have said to me
				that the News and Events Section is relevant.
TF> Do you agree with that statement?
guest999@jabber.eun.org/eun_Jabber> CONNECT
TF> Hello!
TF> I will be asking you a series of questions about the EFQUEL homepage. Please answer as honestly as possible.
			Well here we go!
TF> Would you agree 
				with this statement, the Homepage of EFQUEL is having a good user interface?
karsten@jabber.eun.org/Gaim_Jabber> CONNECT
TF> Hello!
TF> I will be asking you a series of questions about the EFQUEL homepage. Please answer as honestly as possible.
			Well here we go!
TF> Would you agree 
				when some say that the Homepage of EFQUEL is well designed?
guest999@jabber.eun.org/eun_Jabber> CONNECT
TF> Hello!
TF> I will be asking you a series of questions about the EFQUEL homepage. Please answer as honestly as possible.
			Well here we go!
TF> I have heard
				that the EFQUEL WIKI Page is not easy to read.
TF> Do you agree with that opinion?
guest999@jabber.eun.org/eun_Jabber> CONNECT
TF> Hello!
TF> I will be asking you a series of questions about the EFQUEL homepage. Please answer as honestly as possible.
			Well here we go!
TF> People have said to me
				that the About Section is a good source.
TF> Do you support that opinion?
guest999@jabber.eun.org/eun_Jabber> CONNECT
TF> Hello!
TF> I will be asking you a series of questions about the EFQUEL homepage. Please answer as honestly as possible.
			Well here we go!
TF> Would you agree 
				when some say that the About Section is a good source?
guest999@jabber.eun.org/eun_Jabber> CONNECT
TF> Hello!
TF> I will be asking you a series of questions about the EFQUEL homepage. Please answer as honestly as possible.
			Well here we go!
TF> I have heard
				that the EFQUEL WIKI Page is topical.
TF> Do you support that view?
guest999@jabber.eun.org/eun_Jabber> CONNECT
TF> Hello!
TF> I will be asking you a series of questions about the EFQUEL homepage. Please answer as honestly as possible.
			Well here we go!
TF> When asked, some people claim
				that the EFQUEL WIKI Page is a good source.
TF> Do you share that point of view?
guest999@jabber.eun.org/eun_Jabber> CONNECT
TF> Hello!
TF> I will be asking you a series of questions about the EFQUEL homepage. Please answer as honestly as possible.
			Well here we go!
TF> I have heard
				that the Homepage of EFQUEL is having a good user interface.
TF> Do you share that opinion?
karsten@jabber.eun.org/Gaim_Jabber> yes certainly I would
TF> Ok! certainly you would!
TF> People have said to me
				that the EFQUEL WIKI Page is too complex.
TF> Do you agree with that opinion?
karsten@jabber.eun.org/Gaim_Jabber> no, they are too simple
TF> The EFQUEL WIKI Page UNKNOWN too complex! I'll remember that.
TF> What about this then.
TF> Would you agree 
				when some say that the Homepage of EFQUEL is too simple?
karsten@jabber.eun.org/Gaim_Jabber> yes
TF> Agreeing with others is nice!
TF> Would you agree 
				with this statement, the EFQUEL WIKI Page is topical?
karsten@jabber.eun.org/Gaim_Jabber> no
TF> Did you answer like that
				because you have not got an opinion?
karsten@jabber.eun.org/Gaim_Jabber> no
TF> It's ok to disagree.
TF> This is all for this time. 
			Thanks for your help in our evaluation.
TF> Have a nice day.
uriel> CONNECT
TF> Hello!
TF> I will be asking you a series of questions about the EFQUEL homepage. Please answer as honestly as possible.
			Well here we go!
TF> It has been observed
				that the EFQUEL WIKI Page is a good source.
TF> Do you agree with that statement?
uriel> CONNECT
TF> Hello!
TF> I will be asking you a series of questions about the EFQUEL homepage. Please answer as honestly as possible.
			Well here we go!
TF> Would you agree 
				that the EFQUEL WIKI Page is too complex?
uriel> CONNECT
TF> Hello!
TF> I will be asking you a series of questions about the EFQUEL homepage. Please answer as honestly as possible.
			Well here we go!
TF> Some say
				that the eLearning Quality Tab is interesting.
TF> Do you agree with that statement?
uriel> CONNECT
TF> Hello!
TF> I will be asking you a series of questions about the EFQUEL homepage. Please answer as honestly as possible.
			Well here we go!
TF> Would you agree 
				with this statement, the Homepage of EFQUEL is a good source?
uriel> CONNECT
TF> Hello!
TF> I will be asking you a series of questions about the EFQUEL homepage. Please answer as honestly as possible.
			Well here we go!
TF> People have said to me
				that the eLearning Quality Tab is interesting.
TF> Do you support that statement?
uriel> CONNECT
TF> Hello!
TF> I will be asking you a series of questions about the EFQUEL homepage. Please answer as honestly as possible.
			Well here we go!
TF> Would you agree 
				with this statement, the EFQUEL WIKI Page is not easy to read?
guest999@jabber.eun.org/eun_Jabber> CONNECT
TF> Hello!
TF> I will be asking you a series of questions about the EFQUEL homepage. Please answer as honestly as possible.
			Well here we go!
TF> Would you agree 
				when some say that the My EFQUEL Section is relevant?
uriel> CONNECT
TF> Hello!
TF> I will be asking you a series of questions about the EFQUEL homepage. Please answer as honestly as possible.
			Well here we go!
TF> Would you agree 
				when some say that the Homepage of EFQUEL is a good source?
karsten@jabber.eun.org/Gaim_Jabber> CONNECT
TF> Hello!
TF> I will be asking you a series of questions about the EFQUEL homepage. Please answer as honestly as possible.
			Well here we go!
TF> Would you agree 
				when some say that the EFQUEL WIKI Page is too simple?
karsten@jabber.eun.org/Gaim_Jabber> no they are not
TF> So you say that they are not.
TF> That's ok!
TF> Let's take another one.
TF> People have said to me
				that the Homepage of EFQUEL is a good source.
TF> Do you agree?
karsten@jabber.eun.org/Gaim_Jabber> yes I do
TF> I see! you do!
TF> Would you agree 
				with this statement, the eLearning Quality Tab is interesting?
karsten@jabber.eun.org/Gaim_Jabber> not really
TF> Did you answer like that
				because you have not thought about it?
karsten@jabber.eun.org/Gaim_Jabber> yes
TF> Hmmn, interesting!
TF> Some say
				that the About Section is a good source.
TF> Do you support that opinion?
uriel> CONNECT
TF> Hello!
TF> I will be asking you a series of questions about the EFQUEL homepage. Please answer as honestly as possible.
			Well here we go!
TF> Would you agree 
				that the My EFQUEL Section is relevant?
karsten@jabber.eun.org/Gaim_Jabber> CONNECT
TF> Hello!
TF> I will be asking you a series of questions about the EFQUEL homepage. Please answer as honestly as possible.
			Well here we go!
TF> Would you agree 
				with this statement, the eLearning Quality Tab is interesting?
karsten@jabber.eun.org/Gaim_Jabber> n
TF> Do you say that
				because you have not thought about it?
karsten@jabber.eun.org/Gaim_Jabber> y
TF> That is cool.
TF> Would you agree 
				that the Homepage of EFQUEL is well designed?
karsten@jabber.eun.org/Gaim_Jabber> n
TF> Do you say that
				because you have not thought about it?
karsten@jabber.eun.org/Gaim_Jabber> y
TF> I must say.
TF> Some people believe
				that the eLearning Quality Tab is interesting.
TF> Do you share that opinion?
karsten@jabber.eun.org/Gaim_Jabber> n
TF> You answered negatively, is that
				because you have not made up you mind?
karsten@jabber.eun.org/Gaim_Jabber> y
TF> Fair enough.
TF> Would you agree 
				that the News and Events Section is relevant?
karsten@jabber.eun.org/Gaim_Jabber> n
TF> Did you answer like that
				because you have not made up you mind?
karsten@jabber.eun.org/Gaim_Jabber> y
TF> Hmmn, interesting!
TF> This is all for this time. 
			Thanks for your help in our evaluation.
TF> Have a nice day.
karsten@jabber.eun.org/Gaim_Jabber> n
TF> Farewell!
karsten@jabber.eun.org/Gaim_Jabber> y
TF> Auf wiedersehen!
karsten@jabber.eun.org/Gaim_Jabber> n
TF> Auf wiedersehen!
karsten@jabber.eun.org/Gaim_Jabber> y
TF> Adios!
karsten@jabber.eun.org/Gaim_Jabber> CONNECT
TF> Hello!
TF> I will be asking you a series of questions about the EFQUEL homepage. Please answer as honestly as possible.
			Well here we go!
TF> Would you agree 
				that the EFQUEL WIKI Page is not easy to read?
karsten@jabber.eun.org/Gaim_Jabber> n
TF> Do you say that
				because you have not thought about it?
karsten@jabber.eun.org/Gaim_Jabber> y
TF> Ok!
TF> Would you agree 
				that the About Section is a good source?
karsten@jabber.eun.org/Gaim_Jabber> n
TF> Did you answer like that
				because you have not got a view?
karsten@jabber.eun.org/Gaim_Jabber> y
TF> Fair enough.
TF> Some say
				that the EFQUEL Community is interactive.
TF> Do you agree with that opinion?
karsten@jabber.eun.org/Gaim_Jabber> n
TF> Do you say that
				because you have not got an opinion?
karsten@jabber.eun.org/Gaim_Jabber> y
TF> I must say.
TF> Some people believe
				that the EFQUEL WIKI Page is too complex.
TF> Do you share that point of view?
karsten@jabber.eun.org/Gaim_Jabber> n
TF> Did you answer like that
				because you have not got a view?
karsten@jabber.eun.org/Gaim_Jabber> y
TF> I must say.
TF> This is all for this time. 
			Thanks for your help in our evaluation.
TF> Have a nice day.
karsten@jabber.eun.org/Gaim_Jabber> n
TF> See you later!
karsten@jabber.eun.org/Gaim_Jabber> CONNECT
TF> Hello!
TF> I will be asking you a series of questions about the EFQUEL homepage. Please answer as honestly as possible.
			Well here we go!
TF> When asked, some people claim
				that the Homepage of EFQUEL is well designed.
TF> Do you agree with that sentence?
karsten@jabber.eun.org/Gaim_Jabber> n
TF> Do you say that
				because you have not thought about it?
karsten@jabber.eun.org/Gaim_Jabber> y
TF> Ok!
TF> Would you agree 
				with this statement, the News and Events Section is relevant?
karsten@jabber.eun.org/Gaim_Jabber> n
TF> Did you answer like that
				because you have not thought about it?
karsten@jabber.eun.org/Gaim_Jabber> y
TF> Hmmn, interesting!
TF> People have said to me
				that the My EFQUEL Section is relevant.
TF> Do you share that point of view?
karsten@jabber.eun.org/Gaim_Jabber> n
TF> You answered negatively, is that
				because you have not got a view?
karsten@jabber.eun.org/Gaim_Jabber> y
TF> Hmmn, interesting!
TF> Would you agree 
				with this statement, the EFQUEL WIKI Page is not easy to read?
karsten@jabber.eun.org/Gaim_Jabber> n
TF> You answered negatively, is that
				because you have not thought about it?
karsten@jabber.eun.org/Gaim_Jabber> y
TF> I must say.
TF> This is all for this time. 
			Thanks for your help in our evaluation.
TF> Have a nice day.
karsten@jabber.eun.org/Gaim_Jabber> n
TF> See you later!
guest10020@jabber.eun.org/eun_Jabber> CONNECT
TF> Hello!
TF> I will be asking you a series of questions about the EFQUEL homepage. Please answer as honestly as possible.
			Well here we go!
TF> People have said to me
				that the eLearning Quality Tab is interesting.
TF> Do you agree with that opinion?
guest10020@jabber.eun.org/eun_Jabber> testing
TF> My mind was in another place,
							try and answer the question in another way, please?
TF> People have said to me
				that the eLearning Quality Tab is interesting.
TF> Do you agree with that opinion?
guest10020@jabber.eun.org/eun_Jabber> hi everyone
TF> You where a bit too sofisticated for me,
							could you say that in another way, please?
TF> My mind was in another place,
							try and answer the question in another way, please?
							
							
							People have said to me
				that the eLearning Quality Tab is interesting.
TF> Do you agree with that opinion?
guest10021@jabber.eun.org/eun_Jabber> CONNECT
TF> Hello!
TF> I will be asking you a series of questions about the EFQUEL homepage. Please answer as honestly as possible.
			Well here we go!
TF> Some people believe
				that the EFQUEL WIKI Page is too complex.
TF> Do you agree with that statement?
guest10022@jabber.eun.org/eun_Jabber> CONNECT
TF> Hello!
TF> I will be asking you a series of questions about the EFQUEL homepage. Please answer as honestly as possible.
			Well here we go!
TF> It has been observed
				that the EFQUEL WIKI Page is topical.
TF> Do you share that idea?
karsten@jabber.eun.org/Gaim_Jabber> CONNECT
TF> Hello!
TF> I will be asking you a series of questions about the EFQUEL homepage. Please answer as honestly as possible.
			Well here we go!
TF> Some people believe
				that the EFQUEL Community is interactive.
TF> Do you agree?
karsten@jabber.eun.org/Gaim_Jabber> yes
TF> I'll remember that.
TF> Would you agree 
				when some say that the Homepage of EFQUEL is too simple?
karsten@jabber.eun.org/Gaim_Jabber> nope
TF> Did you answer like that
				because you have not thought about it?
karsten@jabber.eun.org/Gaim_Jabber> no because I meant no
TF> Interesting view! because you meant no!
TF> Here is another one.
TF> Would you agree 
				when some say that the Homepage of EFQUEL is well designed?
karsten@jabber.eun.org/Gaim_Jabber> possibly
TF> Ok!
TF> Would you agree 
				with this statement, the About Section is a good source?
karsten@jabber.eun.org/Gaim_Jabber> maybe
TF> The About Section is a good source.
TF> Is that a true statement more often than not?
karsten@jabber.eun.org/Gaim_Jabber> possibly
TF> So you agree.
TF> This is all for this time. 
			Thanks for your help in our evaluation.
TF> Have a nice day.
guest10023@jabber.eun.org/eun_Jabber> CONNECT
TF> Hello!
TF> I will be asking you a series of questions about the EFQUEL homepage. Please answer as honestly as possible.
			Well here we go!
TF> Some people believe
				that the EFQUEL WIKI Page is too complex.
TF> Do you share that opinion?
guest999@jabber.eun.org/eun_Jabber> CONNECT
TF> Hello!
TF> I will be asking you a series of questions about the EFQUEL homepage. Please answer as honestly as possible.
			Well here we go!
TF> Would you agree 
				when some say that the Homepage of EFQUEL is having a good user interface?
guest999@jabber.eun.org/eun_Jabber> CONNECT
TF> Hello!
TF> I will be asking you a series of questions about the EFQUEL homepage. Please answer as honestly as possible.
			Well here we go!
TF> When asked, some people claim
				that the Homepage of EFQUEL is too simple.
TF> Do you agree with that sentence?
uriel> CONNECT
TF> Hello!
TF> I will be asking you a series of questions about the EFQUEL homepage. Please answer as honestly as possible.
			Well here we go!
TF> I have heard
				that the EFQUEL WIKI Page is topical.
TF> Do you agree with that sentence?
guest10025@jabber.eun.org/eun_Jabber> CONNECT
TF> Hello!
TF> I will be asking you a series of questions about the EFQUEL homepage. Please answer as honestly as possible.
			Well here we go!
TF> People have said to me
				that the EFQUEL WIKI Page is topical.
TF> Do you share that point of view?
guest10025@jabber.eun.org/eun_Jabber> not really
TF> You answered negatively, is that
				because you have not got an opinion?
guest10025@jabber.eun.org/eun_Jabber> no
TF> Ok, so you disagree, interesting!
TF> Some say
				that the EFQUEL Community is interactive.
TF> Do you agree?
guest10025@jabber.eun.org/eun_Jabber> mainly
TF> My mind was in another place,
							could you say that in another way, please?
TF> Some say
				that the EFQUEL Community is interactive.
TF> Do you agree?
guest10025@jabber.eun.org/eun_Jabber> mostly
TF> The EFQUEL Community is interactive.
TF> Is that a true statement more often than not?
guest10025@jabber.eun.org/eun_Jabber> yes
TF> Agreeing with others is nice!
TF> I have heard
				that the News and Events Section is relevant.
TF> Do you agree with that opinion?
guest10025@jabber.eun.org/eun_Jabber> no
TF> Do you say that
				because you have not got an opinion?
guest10025@jabber.eun.org/eun_Jabber> yes
TF> Fair enough.
TF> Would you agree 
				when some say that the EFQUEL WIKI Page is topical?
guest10025@jabber.eun.org/eun_Jabber> see above
TF> I didn't get that,
							please say it in another way?
TF> Would you agree 
				when some say that the EFQUEL WIKI Page is topical?
guest10025@jabber.eun.org/eun_Jabber> yes
TF> Good Good.
TF> This is all for this time. 
			Thanks for your help in our evaluation.
TF> Have a nice day.
guest10025@jabber.eun.org/eun_Jabber> ciao
TF> Au revoir!
guest10025@jabber.eun.org/eun_Jabber> etc
TF> So long!
guest10026@jabber.eun.org/eun_Jabber> CONNECT
TF> Hello!
TF> I will be asking you a series of questions about the EFQUEL homepage. Please answer as honestly as possible.
			Well here we go!
TF> Would you agree 
				when some say that the EFQUEL WIKI Page is too complex?
guest10026@jabber.eun.org/eun_Jabber> no
TF> Do you say that
				because you have not got a view?
guest10026@jabber.eun.org/eun_Jabber> no I have a view
TF> So you say that you have a view.
TF> That's ok!
TF> Here is another one.
TF> Would you agree 
				that the EFQUEL WIKI Page is not topical?
guest10026@jabber.eun.org/eun_Jabber> yes it is not
TF> Ok! it is not!
TF> When asked, some people claim
				that the Homepage of EFQUEL is a good source.
TF> Do you agree with that sentence?
guest10026@jabber.eun.org/eun_Jabber> mainly
TF> I am a bit dumb,
							please say it in another way?
TF> When asked, some people claim
				that the Homepage of EFQUEL is a good source.
TF> Do you agree with that sentence?
guest10026@jabber.eun.org/eun_Jabber> mostly
TF> The Homepage of EFQUEL is a good source.
TF> Is that a true statement more often than not?
guest10026@jabber.eun.org/eun_Jabber> yes
TF> Good Good.
TF> Some people believe
				that the EFQUEL Community is interactive.
TF> Do you agree with that statement?
guest10026@jabber.eun.org/eun_Jabber> yes
TF> I'll remember that.
TF> This is all for this time. 
			Thanks for your help in our evaluation.
TF> Have a nice day.
guest10026@jabber.eun.org/eun_Jabber> ciao
TF> Cheerio!
guest10027@jabber.eun.org/eun_Jabber> CONNECT
TF> Hello!
TF> I will be asking you a series of questions about the EFQUEL homepage. Please answer as honestly as possible.
			Well here we go!
TF> Some say
				that the News and Events Section is relevant.
TF> Do you agree with that sentence?
guest10027@jabber.eun.org/eun_Jabber> absolutely
TF> Agreeing with others is nice!
TF> Would you agree 
				that the Homepage of EFQUEL is well designed?
guest10027@jabber.eun.org/eun_Jabber> mainly it is
TF> That's fine.
TF> Would you agree 
				that the EFQUEL WIKI Page is topical?
guest10027@jabber.eun.org/eun_Jabber> sometimes
TF> The EFQUEL WIKI Page is topical.
TF> Is that a true statement more often than not?
guest10027@jabber.eun.org/eun_Jabber> yes
TF> So you agree.
TF> When asked, some people claim
				that the Homepage of EFQUEL is a good source.
TF> Do you share that idea?
uriel> CONNECT
TF> Hello!
TF> I will be asking you a series of questions about the EFQUEL homepage. Please answer as honestly as possible.
			Well here we go!
TF> It has been observed
				that the Homepage of EFQUEL is a good source.
TF> Do you agree with that view?
guest10029@jabber.eun.org/eun_Jabber> CONNECT
TF> Hello!
TF> I will be asking you a series of questions about the EFQUEL homepage. Please answer as honestly as possible.
			Well here we go!
TF> Some people believe
				that the EFQUEL WIKI Page is topical.
TF> Do you agree with that view?
guest10029@jabber.eun.org/eun_Jabber> mainly I find it is
TF> That's fine.
TF> I have heard
				that the About Section is a good source.
TF> Do you share that view?
guest10029@jabber.eun.org/eun_Jabber> mainly but sometimes things are missing
TF> The About Section is a good source.
TF> Is that a true statement more often than not?
guest10029@jabber.eun.org/eun_Jabber> yes
TF> Good Good.
TF> When asked, some people claim
				that the eLearning Quality Tab is interesting.
TF> Do you agree with that sentence?
guest10029@jabber.eun.org/eun_Jabber> depends on what you consider interesting
TF> The eLearning Quality Tab is interesting.
TF> Is that a true statement more often than not?
guest10029@jabber.eun.org/eun_Jabber> I don't know
TF> Cool,
				let's take another one.
				Would you agree 
				with this statement, the eLearning Quality Tab is interesting?
guest10029@jabber.eun.org/eun_Jabber> I still don't know
TF> So, you have no opinion about this,
				let's try another question.
				This is all for this time. 
			Thanks for your help in our evaluation.
TF> Have a nice day.
guest10030@jabber.eun.org/eun_Jabber> CONNECT
TF> Hello!
TF> I will be asking you a series of questions about the EFQUEL homepage. Please answer as honestly as possible.
			Well here we go!
TF> I have heard
				that the EFQUEL WIKI Page is too complex.
TF> Do you agree?
guest10031@jabber.eun.org/eun_Jabber> CONNECT
TF> Hello!
TF> I will be asking you a series of questions about the EFQUEL homepage. Please answer as honestly as possible.
			Well here we go!
TF> Would you agree 
				that the eLearning Quality Tab is interesting?
uriel> CONNECT
TF> Hello!
TF> I will be asking you a series of questions about the EFQUEL homepage. Please answer as honestly as possible.
			Well here we go!
TF> I have heard
				that the About Section is a good source.
TF> Do you share that idea?
guest10032@jabber.eun.org/eun_Jabber> CONNECT
TF> Hello!
TF> I will be asking you a series of questions about the EFQUEL homepage. Please answer as honestly as possible.
			Well here we go!
TF> Would you agree 
				when some say that the News and Events Section is relevant?
guest10032@jabber.eun.org/eun_Jabber> maybe
TF> The News and Events Section is relevant.
TF> Is that a true statement more often than not?
guest10032@jabber.eun.org/eun_Jabber> I don't know
TF> So, you have no opinion about this,
				here is another one then.
				Would you agree 
				when some say that the My EFQUEL Section is relevant?
guest10032@jabber.eun.org/eun_Jabber> maybe
TF> Would you say that the My EFQUEL Section is relevant more often than not?
guest10032@jabber.eun.org/eun_Jabber> I don't know
TF> So, you have no opinion about this,
				here is another one then.
				Some say
				that the EFQUEL WIKI Page is not easy to read.
TF> Do you agree with that opinion?
guest10032@jabber.eun.org/eun_Jabber> no it is easy to read
TF> The EFQUEL WIKI Page is easy to read! I'll remember that.
TF> Let's try a new question.
TF> Would you agree 
				when some say that the EFQUEL WIKI Page is too complex?
guest10032@jabber.eun.org/eun_Jabber> I don't know
TF> Ok,
				This is all for this time. 
			Thanks for your help in our evaluation.
TF> Have a nice day.
TF> This is all for this time. 
			Thanks for your help in our evaluation.
TF> Have a nice day.
guest10034@jabber.eun.org/eun_Jabber> CONNECT
TF> Hello!
TF> I will be asking you a series of questions about the EFQUEL homepage. Please answer as honestly as possible.
			Well here we go!
TF> When asked, some people claim
				that the eLearning Quality Tab is interesting.
TF> Do you support that statement?
guest10034@jabber.eun.org/eun_Jabber> mostly
TF> The eLearning Quality Tab is interesting.
TF> Is that a true statement more often than not?
guest10034@jabber.eun.org/eun_Jabber> yes
TF> Agreeing with others is nice!
TF> Would you agree 
				with this statement, the EFQUEL WIKI Page is a good source?
guest10034@jabber.eun.org/eun_Jabber> not always
TF> The EFQUEL WIKI Page is a good source.
TF> Is that a true statement more often than not?
guest10034@jabber.eun.org/eun_Jabber> no
TF> However would you say that the EFQUEL WIKI Page is not a good source more often than not?
SCHERMERHOM> CONNECT
TF> Hello!
TF> I will be asking you a series of questions about the EFQUEL homepage. Please answer as honestly as possible.
			Well here we go!
TF> Would you agree 
				with this statement, the eLearning Quality Tab is interesting?
SCHERMERHOM> I would not
TF> You answered negatively, is that
				because you have not thought about it?
SCHERMERHOM> I have thought about it
TF> Really!
TF> Would you agree 
				with this statement, the EFQUEL Community is interactive?
SCHERMERHOM> Nope
TF> Do you say that
				because you have not thought about it?
SCHERMERHOM> is
TF> I simply didn't understand that,
							could you say that in another way, please?
TF> Do you say that
				because you have not thought about it?
SCHERMERHOM> yes
TF> That is cool.
TF> Some say
				that the EFQUEL WIKI Page is not easy to read.
TF> Do you share that view?
SCHERMERHOM> it is easy to read
TF> Ok, so you believe that the EFQUEL WIKI Page is easy to read.
TF> Here is another one.
TF> I have heard
				that the My EFQUEL Section is relevant.
TF> Do you agree with that statement?
SCHERMERHOM> CONNECT
TF> Hello!
TF> I will be asking you a series of questions about the EFQUEL homepage. Please answer as honestly as possible.
			Well here we go!
TF> Would you agree 
				that the EFQUEL WIKI Page is too complex?
SCHERMERHOM> CONNECT
TF> Hello!
TF> I will be asking you a series of questions about the EFQUEL homepage. Please answer as honestly as possible.
			Well here we go!
TF> When asked, some people claim
				that the News and Events Section is relevant.
TF> Do you share that point of view?
SCHERMERHOM> CONNECT
TF> Hello!
TF> I will be asking you a series of questions about the EFQUEL homepage. Please answer as honestly as possible.
			Well here we go!
TF> It has been observed
				that the Homepage of EFQUEL is having a good user interface.
TF> Do you agree?
SCHERMERHOM> CONNECT
TF> Hello!
TF> I will be asking you a series of questions about the EFQUEL homepage. Please answer as honestly as possible.
			Well here we go!
TF> Would you agree 
				that the EFQUEL WIKI Page is topical?
SCHERMERHOM> CONNECT
TF> Hello!
TF> I will be asking you a series of questions about the EFQUEL homepage. Please answer as honestly as possible.
			Well here we go!
TF> People have said to me
				that the Homepage of EFQUEL is having a good user interface.
TF> Do you share that opinion?
SCHERMERHOM> CONNECT
TF> Hello!
TF> I will be asking you a series of questions about the EFQUEL homepage. Please answer as honestly as possible.
			Well here we go!
TF> Would you agree 
				with this statement, the EFQUEL Community is interactive?
SCHERMERHOM> connect
TF> Hello!
TF> I will be asking you a series of questions about the EFQUEL homepage. Please answer as honestly as possible.
			Well here we go!
TF> It has been observed
				that the Homepage of EFQUEL is well designed.
TF> Do you support that sentence?
SCHERMERHOM> CONNECT
TF> Hello!
TF> I will be asking you a series of questions about the EFQUEL homepage. Please answer as honestly as possible.
			Well here we go!
TF> Would you agree 
				when some say that the EFQUEL WIKI Page is too complex?
SCHERMERHOM> CONNECT
TF> Hello!
TF> I will be asking you a series of questions about the EFQUEL homepage. Please answer as honestly as possible.
			Well here we go!
TF> I have heard
				that the Homepage of EFQUEL is a good source.
TF> Do you share that point of view?
SCHERMERHOM> CONNECT
TF> Hello!
TF> I will be asking you a series of questions about the EFQUEL homepage. Please answer as honestly as possible.
			Well here we go!
TF> Would you agree 
				when some say that the EFQUEL Community is interactive?
SCHERMERHOM> CONNECT
TF> Hello!
TF> I will be asking you a series of questions about the EFQUEL homepage. Please answer as honestly as possible.
			Well here we go!
TF> Would you agree 
				that the EFQUEL WIKI Page is too complex?
SCHERMERHOM> CONNECT
TF> Hello!
TF> I will be asking you a series of questions about the EFQUEL homepage. Please answer as honestly as possible. Well here we go!
TF> Would you agree with this statement, the News and Events Section is relevant?
SCHERMERHOM> CONNECT
TF> Hello!
TF> I will be asking you a series of questions about the EFQUEL homepage. Please answer as honestly as possible. Well here we go!
TF> People have said to me that the About Section is a good source.
TF> Do you support that opinion?
SCHERMERHOM> CONNECT
TF> Hello!
TF> I will be asking you a series of questions about the EFQUEL homepage. Please answer as honestly as possible. Well here we go!
TF> Would you agree that the Homepage of EFQUEL is well designed?
SCHERMERHOM> CONNECT
TF> Hello!
TF> I will be asking you a series of questions about the EFQUEL homepage. Please answer as honestly as possible. Well here we go!
TF> It has been observed that the Homepage of EFQUEL is a good source.
TF> Do you share that point of view?
SCHERMERHOM> no I do not share that view
TF> Interesting view! you do not share that view!
TF> What about this then.
TF> When asked, some people claim that the News and Events Section is relevant.
TF> Do you agree with that opinion?
SCHERMERHOM> absolutely not
TF> The News and Events Section is not relevant! I'll remember that.
TF> What about this then.
TF> Would you agree when some say that the EFQUEL WIKI Page is too complex?
SCHERMERHOM> exit
TF> You where a bit too sofisticated for me, please re-phrase your answer.
TF> Would you agree when some say that the EFQUEL WIKI Page is too complex?
SCHERMERHOM> CONNECT
TF> Hello!
TF> I will be asking you a series of questions about the EFQUEL homepage. Please answer as honestly as possible. Well here we go!
TF> When asked, some people claim that the My EFQUEL Section is relevant.
TF> Do you agree with that sentence?
SCHERMERHOM> CONNECT
TF> Hello!
TF> I will be asking you a series of questions about the EFQUEL homepage. Please answer as honestly as possible. Well here we go!
TF> Would you agree with this statement, the News and Events Section is relevant?
SCHERMERHOM> CONNECT
TF> Hello!
TF> I will be asking you a series of questions about the EFQUEL homepage. Please answer as honestly as possible. Well here we go!
TF> I have heard that the News and Events Section is relevant.
TF> Do you agree?
SCHERMERHOM> CONNECT
TF> Hello!
TF> I will be asking you a series of questions about the EFQUEL homepage. Please answer as honestly as possible. Well here we go!
TF> People have said to me that the My EFQUEL Section is relevant.
TF> Do you agree with that view?
SCHERMERHOM> CONNECT
TF> Hello!
TF> I will be asking you a series of questions about the EFQUEL homepage. Please answer as honestly as possible. Well here we go!
TF> Some people believe that the EFQUEL WIKI Page is not easy to read.
TF> Do you agree with that view?
SCHERMERHOM> CONNECT
TF> Hello!
TF> I will be asking you a series of questions about the EFQUEL homepage. Please answer as honestly as possible. Well here we go!
TF> Would you agree that the About Section is a good source?
SCHERMERHOM> CONNECT
TF> Hello!
TF> I will be asking you a series of questions about the EFQUEL homepage. Please answer as honestly as possible. Well here we go!
TF> Some say that the EFQUEL WIKI Page is a good source.
TF> Do you share that view?
SCHERMERHOM> CONNECT
TF> Hello!
TF> I will be asking you a series of questions about the EFQUEL homepage. Please answer as honestly as possible. Well here we go!
TF> When asked, some people claim that the EFQUEL WIKI Page is not easy to read.
TF> Do you agree with that statement?
SCHERMERHOM> CONNECT
TF> Hello!
TF> I will be asking you a series of questions about the EFQUEL homepage. Please answer as honestly as possible. Well here we go!
TF> I have heard that the eLearning Quality Tab is interesting.
TF> Do you agree with that view?
SCHERMERHOM> CONNECT
TF> Hello!
TF> I will be asking you a series of questions about the EFQUEL homepage. Please answer as honestly as possible. Well here we go!
TF> When asked, some people claim that the eLearning Quality Tab is interesting.
TF> Do you support that opinion?
SCHERMERHOM> CONNECT
TF> Hello!
TF> I will be asking you a series of questions about the EFQUEL homepage. Please answer as honestly as possible. Well here we go!
TF> It has been observed that the EFQUEL WIKI Page is a good source.
TF> Do you support that sentence?
SCHERMERHOM> CONNECT
TF> Hello!
TF> I will be asking you a series of questions about the EFQUEL homepage. Please answer as honestly as possible. Well here we go!
TF> Would you agree with this statement, the EFQUEL WIKI Page is topical?
SCHERMERHOM> CONNECT
TF> Hello!
TF> I will be asking you a series of questions about the EFQUEL homepage. Please answer as honestly as possible. Well here we go!
TF> Would you agree that the EFQUEL WIKI Page is not easy to read?
SCHERMERHOM> CONNECT
TF> Hello!
TF> I will be asking you a series of questions about the EFQUEL homepage. Please answer as honestly as possible. Well here we go!
TF> Would you agree with this statement, the EFQUEL WIKI Page is too complex?
SCHERMERHOM> CONNECT
TF> Hello!
TF> I will be asking you a series of questions about the EFQUEL homepage. Please answer as honestly as possible. Well here we go!
TF> People have said to me that the News and Events Section is relevant.
TF> Do you share that point of view?
SCHERMERHOM> CONNECT
TF> Hello!
TF> I will be asking you a series of questions about the EFQUEL homepage. Please answer as honestly as possible. Well here we go!
TF> It has been observed that the EFQUEL WIKI Page is not easy to read.
TF> Do you agree?
SCHERMERHOM> CONNECT
TF> Hello!
TF> I will be asking you a series of questions about the EFQUEL homepage. Please answer as honestly as possible. Well here we go!
TF> Some people believe that the Homepage of EFQUEL is having a good user interface.
TF> Do you agree with that opinion?
SCHERMERHOM> CONNECT
TF> Hello!
TF> I will be asking you a series of questions about the EFQUEL homepage. Please answer as honestly as possible. Well here we go!
TF> Would you agree with this statement, the EFQUEL WIKI Page is a good source?
SCHERMERHOM> CONNECT
TF> Hello!
TF> I will be asking you a series of questions about the EFQUEL homepage. Please answer as honestly as possible. Well here we go!
TF> Some say that the Homepage of EFQUEL is a good source.
TF> Do you share that point of view?
SCHERMERHOM> CONNECT
TF> Hello!
TF> I will be asking you a series of questions about the EFQUEL homepage. Please answer as honestly as possible. Well here we go!
TF> Some people believe that the EFQUEL WIKI Page is topical.
TF> Do you share that opinion?
